<?xml version="1.0" encoding="UTF-8"?>
<!-- Generated by org.testng.reporters.JUnitReportReporter -->
<testsuite hostname="purpletalk-Latitude-E5450" name="com.gmail.pages.AppTest" tests="1" failures="0" timestamp="8 Jul 2020 10:48:16 GMT" time="0.002" errors="0">
  <testcase name="testApp" time="0.002" classname="com.gmail.pages.AppTest"/>
</testsuite> <!-- com.gmail.pages.AppTest -->
