<?xml version="1.0" encoding="UTF-8"?>
<!-- Generated by org.testng.reporters.JUnitReportReporter -->
<testsuite hostname="purpletalk-Latitude-E5450" name="com.gmail.tests.GmailLoginTest" tests="1" failures="0" timestamp="18 Jun 2020 11:28:02 GMT" time="8.323" errors="0">
  <testcase name="loginTest" time="8.323" classname="com.gmail.tests.GmailLoginTest"/>
</testsuite> <!-- com.gmail.tests.GmailLoginTest -->
